Quick-Cocos2d-x C++ support ready.

------------------------------------------------

LOAD LUA FILE: C:/Users/yzl/Documents/Cocos/maplestory/src/main.lua

------------------------------------------------

[LUA-print] ===========================================================

[LUA-print]               LOAD QUICK FRAMEWORK

[LUA-print] ===========================================================

[LUA-print] [INFO] 

[LUA-print] [INFO] # DEBUG                        = 1

[LUA-print] [INFO] #

[LUA-print] [INFO] # device.platform              = windows

[LUA-print] [INFO] # device.model                 = unknown

[LUA-print] [INFO] # device.language              = cn

[LUA-print] [INFO] # device.writablePath          = C:\Users\yzl\Documents\Cocos\maplestory\

[LUA-print] [INFO] # device.directorySeparator    = \

[LUA-print] [INFO] # device.pathSeparator         = ;

[LUA-print] [INFO] #

[LUA-print] [INFO] # CONFIG_SCREEN_AUTOSCALE      = FIXED_HEIGHT

[LUA-print] [INFO] # CONFIG_SCREEN_WIDTH          = 1000.00

[LUA-print] [INFO] # CONFIG_SCREEN_HEIGHT         = 600.00

[LUA-print] [INFO] # display.widthInPixels        = 800.00

[LUA-print] [INFO] # display.heightInPixels       = 480.00

[LUA-print] [INFO] # display.contentScaleFactor   = 0.80

[LUA-print] [INFO] # display.width                = 1000.00

[LUA-print] [INFO] # display.height               = 600.00

[LUA-print] [INFO] # display.cx                   = 500.00

[LUA-print] [INFO] # display.cy                   = 300.00

[LUA-print] [INFO] # display.left                 = 0.00

[LUA-print] [INFO] # display.right                = 1000.00

[LUA-print] [INFO] # display.top                  = 600.00

[LUA-print] [INFO] # display.bottom               = 0.00

[LUA-print] [INFO] # display.c_left               = -500.00

[LUA-print] [INFO] # display.c_right              = 500.00

[LUA-print] [INFO] # display.c_top                = 300.00

[LUA-print] [INFO] # display.c_bottom             = -300.00

[LUA-print] [INFO] #

suffix = csb

textureSize = 0

classname = Node

size = 7

classname = GameMap

cocos2d: SpriteBatchNode: resizing TextureAtlas capacity from [153] to [205].

cocos2d: SpriteBatchNode: resizing TextureAtlas capacity from [205] to [274].

cocos2d: SpriteBatchNode: resizing TextureAtlas capacity from [274] to [366].

cocos2d: SpriteBatchNode: resizing TextureAtlas capacity from [366] to [489].

size = 0

child = 080546F8

classname = Sprite

size = 0

child = 08055D48

classname = Sprite

size = 0

child = 08056830

classname = Sprite

size = 0

child = 08056C20

classname = Sprite

size = 0

child = 0806FF20

classname = Sprite

size = 0

child = 08070310

classname = GameMap

size = 0

child = 08057010

[LUA-print] HeroStand

[LUA-print] HeroWalk

[LUA-print] HeroJump

[LUA-print] HeroJumpDown

[LUA-print] HeroGlobal

[LUA-print] 0	270

[LUA-print] 900	270

[LUA-print] 990	330

[LUA-print] 1200	330

[LUA-print] 0	210

[LUA-print] 540	210

[LUA-print] 630	150

[LUA-print] 720	150

[LUA-print] 810	90

[LUA-print] 990	90

[LUA-print] 1080	30

[LUA-print] 1200	30

[LUA-print] BaseEntity exit

